#
# There is insufficient memory for the Java Runtime Environment to continue.
# Native memory allocation (mmap) failed to map 134217728 bytes. Error detail: G1 virtual space
# Possible reasons:
#   The system is out of physical RAM or swap space
#   This process is running with CompressedOops enabled, and the Java Heap may be blocking the growth of the native heap
# Possible solutions:
#   Reduce memory load on the system
#   Increase physical memory or swap space
#   Check if swap backing store is full
#   Decrease Java heap size (-Xmx/-Xms)
#   Decrease number of Java threads
#   Decrease Java thread stack sizes (-Xss)
#   Set larger code cache with -XX:ReservedCodeCacheSize=
#   JVM is running with Unscaled Compressed Oops mode in which the Java heap is
#     placed in the first 4GB address space. The Java Heap base address is the
#     maximum limit for the native heap growth. Please use -XX:HeapBaseMinAddress
#     to set the Java Heap base and to place the Java Heap above 4GB virtual address.
# This output file may be truncated or incomplete.
#
#  Out of Memory Error (os_windows.cpp:3766), pid=17144, tid=23140
#
# JRE version:  (25.0.2+1) (build )
# Java VM: OpenJDK 64-Bit Server VM (25.0.2+1-b329.72, mixed mode, sharing, tiered, compressed oops, compressed class ptrs, g1 gc, windows-amd64)
# No core dump will be written. Minidumps are not enabled by default on client versions of Windows
#

---------------  S U M M A R Y ------------

Command Line: -Djava.rmi.server.hostname=127.0.0.1 -Duser.timezone=UTC -Xmx2048m -Xms128m --add-exports=java.desktop/sun.awt=ALL-UNNAMED --add-exports=java.desktop/java.awt.peer=ALL-UNNAMED --add-opens=java.desktop/java.awt=ALL-UNNAMED --add-opens=jdk.unsupported/sun.misc=ALL-UNNAMED --add-opens=java.base/java.nio=ALL-UNNAMED --add-opens=java.base/java.util=ALL-UNNAMED -Dfile.encoding=UTF-8 -Dsun.stdout.encoding=UTF-8 -Dsun.stderr.encoding=UTF-8 com.intellij.database.remote.RemoteJdbcServer software.amazon.jdbc.Driver

Host: AMD Ryzen 5 4600H with Radeon Graphics         , 12 cores, 7G,  Windows 11 , 64 bit Build 26100 (10.0.26100.8328)
Time: Fri May 22 21:37:42 2026 India Standard Time elapsed time: 1.144418 seconds (0d 0h 0m 1s)

---------------  T H R E A D  ---------------

Current thread (0x000001cb0a50ee60):  JavaThread "Unknown thread" [_thread_in_vm, id=23140, stack(0x000000475fe00000,0x000000475ff00000) (1024K)]

Stack: [0x000000475fe00000,0x000000475ff00000]
Native frames: (J=compiled Java code, j=interpreted, Vv=VM code, C=native code)
V  [jvm.dll+0x7c0b19]  (no source info available)
V  [jvm.dll+0x78a2ed]  (no source info available)
V  [jvm.dll+0xa0e563]  (no source info available)
V  [jvm.dll+0xa10d5c]  (no source info available)
V  [jvm.dll+0xa11453]  (no source info available)
V  [jvm.dll+0x307b86]  (no source info available)
V  [jvm.dll+0x7bcd25]  (no source info available)
V  [jvm.dll+0x7afce7]  (no source info available)
V  [jvm.dll+0x4015ce]  (no source info available)
V  [jvm.dll+0x4093eb]  (no source info available)
V  [jvm.dll+0x3f5c29]  (no source info available)
V  [jvm.dll+0x3f5edb]  (no source info available)
V  [jvm.dll+0x3cc093]  (no source info available)
V  [jvm.dll+0x3cccfe]  (no source info available)
V  [jvm.dll+0x9d48d7]  (no source info available)
V  [jvm.dll+0x466ce2]  (no source info available)
V  [jvm.dll+0x9b8019]  (no source info available)
V  [jvm.dll+0x508951]  (no source info available)
V  [jvm.dll+0x50a2c1]  (no source info available)
C  [jli.dll+0x541a]  (no source info available)
C  [ucrtbase.dll+0x37b0]  (no source info available)
C  [KERNEL32.DLL+0x2e957]  (no source info available)
C  [ntdll.dll+0x427c]  (no source info available)

Lock stack of current Java thread (top to bottom):


---------------  P R O C E S S  ---------------

Threads class SMR info:
_java_thread_list=0x00007fff13389108, length=0, elements={
}

Java Threads: ( => current thread )
Total: 0

Other Threads:
  0x000001cb0a569370 WorkerThread "GC Thread#0"                     [id=23000, stack(0x000000475ff00000,0x0000004760000000) (1024K)]
  0x000001cb0a5842b0 ConcurrentGCThread "G1 Main Marker"            [id=15144, stack(0x0000004760000000,0x0000004760100000) (1024K)]
  0x000001cb0a584e50 WorkerThread "G1 Conc#0"                       [id=8940, stack(0x0000004760100000,0x0000004760200000) (1024K)]

[error occurred during error reporting (printing all threads), id 0xc0000005, EXCEPTION_ACCESS_VIOLATION (0xc0000005) at pc=0x00007fff129a0cea]
VM state: not at safepoint (not fully initialized)

VM Mutex/Monitor currently owned by a thread:  ([mutex/lock_event])
[0x00007fff13411d20] Heap_lock - owner thread: 0x000001cb0a50ee60

Heap address: 0x0000000080000000, size: 2048 MB, Compressed Oops mode: 32-bit

CDS archive(s) mapped at: [0x0000000000000000-0x0000000000000000-0x0000000000000000), size 0, SharedBaseAddress: 0x0000000800000000, ArchiveRelocationMode: 1.
UseCompressedClassPointers 1, UseCompactObjectHeaders 0
Narrow klass pointer bits 32, Max shift 3
Narrow klass base: 0xffffffffffffffff, Narrow klass shift: -1
Encoding Range: [0xffffffffffffffff - 0x000000007fffffff), (2147483648 bytes)
Klass Range:    [0x0000000000000000 - 0x0000000000000000), (0 bytes)
Klass ID Range:  [4294967295 - 0) (1)
No protection zone.

GC Precious Log:
 CardTable entry size: 512
 Card Set container configuration: InlinePtr #cards 5 size 8 Array Of Cards #cards 10 size 36 Howl #buckets 4 coarsen threshold 1843 Howl Bitmap #cards 512 size 80 coarsen threshold 460 Card regions per heap region 1 cards per card region 2048

Heap:
 garbage-first heap   total reserved 2097152K, committed 0K, used 0K [0x0000000080000000, 0x0000000100000000)
  region size 1024K, 0 young (0K), 0 survivors (0K)

Heap Regions: E=young(eden), S=young(survivor), O=old, HS=humongous(starts), HC=humongous(continues), CS=collection set, F=free, TAMS=top-at-mark-start, PB=parsable bottom

Card table byte_map: [0x000001cb1e260000,0x000001cb1e660000] _byte_map_base: 0x000001cb1de60000

Marking Bits: (CMBitMap*) 0x000001cb0a569b00
 Bits: [0x000001cb1e660000, 0x000001cb20660000)

GC Heap Usage History (0 events):
No events

Metaspace Usage History (0 events):
No events

Dll operation events (1 events):
Event: 0.018 Loaded shared library C:\Program Files\JetBrains\IntelliJ IDEA 2026.1\jbr\bin\java.dll

Deoptimization events (0 events):
No events

Classes loaded (0 events):
No events

Classes unloaded (0 events):
No events

Classes redefined (0 events):
No events

Internal exceptions (0 events):
No events

VM Operations (0 events):
No events

Memory protections (0 events):
No events

Nmethod flushes (0 events):
No events

Events (0 events):
No events


Dynamic libraries:
0x00007ff771520000 - 0x00007ff77152a000 	C:\Program Files\JetBrains\IntelliJ IDEA 2026.1\jbr\bin\java.exe
0x00007fffc2c20000 - 0x00007fffc2e87000 	C:\WINDOWS\SYSTEM32\ntdll.dll
0x00007fffc2730000 - 0x00007fffc27f9000 	C:\WINDOWS\System32\KERNEL32.DLL
0x00007fffc0470000 - 0x00007fffc0867000 	C:\WINDOWS\System32\KERNELBASE.dll
0x00007fffc0270000 - 0x00007fffc03bb000 	C:\WINDOWS\System32\ucrtbase.dll
0x00007fffa6310000 - 0x00007fffa632e000 	C:\Program Files\JetBrains\IntelliJ IDEA 2026.1\jbr\bin\VCRUNTIME140.dll
0x00007fffa5660000 - 0x00007fffa5677000 	C:\Program Files\JetBrains\IntelliJ IDEA 2026.1\jbr\bin\jli.dll
0x00007fffc0fd0000 - 0x00007fffc1196000 	C:\WINDOWS\System32\USER32.dll
0x00007fffbea50000 - 0x00007fffbece2000 	C:\WINDOWS\WinSxS\amd64_microsoft.windows.common-controls_6595b64144ccf1df_6.0.26100.8457_none_3e0b2faee331e92d\COMCTL32.dll
0x00007fffc00c0000 - 0x00007fffc00e7000 	C:\WINDOWS\System32\win32u.dll
0x00007fffc24a0000 - 0x00007fffc24cb000 	C:\WINDOWS\System32\GDI32.dll
0x00007fffc0870000 - 0x00007fffc099c000 	C:\WINDOWS\System32\gdi32full.dll
0x00007fffc0010000 - 0x00007fffc00b3000 	C:\WINDOWS\System32\msvcp_win.dll
0x00007fffc1d70000 - 0x00007fffc1e19000 	C:\WINDOWS\System32\msvcrt.dll
0x00007fffc0d10000 - 0x00007fffc0d42000 	C:\WINDOWS\System32\IMM32.DLL
0x00007fffb61f0000 - 0x00007fffb61fc000 	C:\Program Files\JetBrains\IntelliJ IDEA 2026.1\jbr\bin\vcruntime140_1.dll
0x00007fffa60a0000 - 0x00007fffa6129000 	C:\Program Files\JetBrains\IntelliJ IDEA 2026.1\jbr\bin\msvcp140.dll
0x00007fff125c0000 - 0x00007fff13512000 	C:\Program Files\JetBrains\IntelliJ IDEA 2026.1\jbr\bin\server\jvm.dll
0x00007fffc11a0000 - 0x00007fffc1256000 	C:\WINDOWS\System32\ADVAPI32.dll
0x00007fffc2500000 - 0x00007fffc25a7000 	C:\WINDOWS\System32\sechost.dll
0x00007fffc0b40000 - 0x00007fffc0c58000 	C:\WINDOWS\System32\RPCRT4.dll
0x00007fffc0d50000 - 0x00007fffc0dd0000 	C:\WINDOWS\System32\WS2_32.dll
0x00007fffbf4d0000 - 0x00007fffbf52e000 	C:\WINDOWS\SYSTEM32\POWRPROF.dll
0x00007fffb5d00000 - 0x00007fffb5d0b000 	C:\WINDOWS\SYSTEM32\VERSION.dll
0x00007fffb4470000 - 0x00007fffb44a6000 	C:\WINDOWS\SYSTEM32\WINMM.dll
0x00007fffbf4b0000 - 0x00007fffbf4c4000 	C:\WINDOWS\SYSTEM32\UMPDC.dll
0x00007fffbda70000 - 0x00007fffbda8b000 	C:\WINDOWS\SYSTEM32\kernel.appcore.dll
0x00007fffad6e0000 - 0x00007fffad6ea000 	C:\Program Files\JetBrains\IntelliJ IDEA 2026.1\jbr\bin\jimage.dll
0x00007fffbee20000 - 0x00007fffbf062000 	C:\WINDOWS\SYSTEM32\DBGHELP.DLL
0x00007fffc1260000 - 0x00007fffc15e3000 	C:\WINDOWS\System32\combase.dll
0x00007fffc1f30000 - 0x00007fffc2009000 	C:\WINDOWS\System32\OLEAUT32.dll
0x00007fffbecf0000 - 0x00007fffbed2b000 	C:\WINDOWS\SYSTEM32\dbgcore.DLL
0x00007fffc03c0000 - 0x00007fffc0468000 	C:\WINDOWS\System32\bcryptPrimitives.dll
0x00007fffa62f0000 - 0x00007fffa630f000 	C:\Program Files\JetBrains\IntelliJ IDEA 2026.1\jbr\bin\java.dll
0x00007fffc09a0000 - 0x00007fffc0b37000 	C:\WINDOWS\System32\ole32.dll
0x00007fffc15f0000 - 0x00007fffc1d5e000 	C:\WINDOWS\System32\SHELL32.dll

JVMTI agents: none

dbghelp: loaded successfully - version: 4.0.5 - missing functions: none
symbol engine: initialized successfully - sym options: 0x614 - pdb path: .;C:\Program Files\JetBrains\IntelliJ IDEA 2026.1\jbr\bin;C:\WINDOWS\SYSTEM32;C:\WINDOWS\WinSxS\amd64_microsoft.windows.common-controls_6595b64144ccf1df_6.0.26100.8457_none_3e0b2faee331e92d;C:\Program Files\JetBrains\IntelliJ IDEA 2026.1\jbr\bin\server

VM Arguments:
jvm_args: -Djava.rmi.server.hostname=127.0.0.1 -Duser.timezone=UTC -Xmx2048m -Xms128m --add-exports=java.desktop/sun.awt=ALL-UNNAMED --add-exports=java.desktop/java.awt.peer=ALL-UNNAMED --add-opens=java.desktop/java.awt=ALL-UNNAMED --add-opens=jdk.unsupported/sun.misc=ALL-UNNAMED --add-opens=java.base/java.nio=ALL-UNNAMED --add-opens=java.base/java.util=ALL-UNNAMED -Dfile.encoding=UTF-8 -Dsun.stdout.encoding=UTF-8 -Dsun.stderr.encoding=UTF-8 
java_command: com.intellij.database.remote.RemoteJdbcServer software.amazon.jdbc.Driver
java_class_path (initial): C:\Program Files\JetBrains\IntelliJ IDEA 2026.1\lib\util_rt.jar;C:\Program Files\JetBrains\IntelliJ IDEA 2026.1\lib\intellij.libraries.fastutil.jar;C:\Program Files\JetBrains\IntelliJ IDEA 2026.1\lib\groovy.jar;C:\Program Files\JetBrains\IntelliJ IDEA 2026.1\plugins\DatabaseTools\lib\modules\intellij.database.jdbcConsole.jar;C:\Program Files\JetBrains\IntelliJ IDEA 2026.1\lib\intellij.grid.types.jar;C:\Program Files\JetBrains\IntelliJ IDEA 2026.1\lib\intellij.libraries.jbr.jar;C:\Program Files\JetBrains\IntelliJ IDEA 2026.1\lib\intellij.libraries.bouncy.castle.provider.jar
Launcher Type: SUN_STANDARD

[Global flags]
     intx CICompilerCount                          = 4                                         {product} {ergonomic}
     uint ConcGCThreads                            = 3                                         {product} {ergonomic}
     uint G1ConcRefinementThreads                  = 10                                        {product} {ergonomic}
   size_t G1HeapRegionSize                         = 1048576                                   {product} {ergonomic}
   size_t InitialHeapSize                          = 134217728                                 {product} {command line}
   size_t MarkStackSize                            = 4194304                                   {product} {ergonomic}
   size_t MarkStackSizeMax                         = 536870912                                 {product} {ergonomic}
   size_t MaxHeapSize                              = 2147483648                                {product} {command line}
   size_t MinHeapDeltaBytes                        = 1048576                                   {product} {ergonomic}
   size_t MinHeapSize                              = 134217728                                 {product} {command line}
    uintx NonNMethodCodeHeapSize                   = 5832704                                {pd product} {ergonomic}
    uintx NonProfiledCodeHeapSize                  = 122945536                              {pd product} {ergonomic}
    uintx ProfiledCodeHeapSize                     = 122880000                              {pd product} {ergonomic}
    uintx ReservedCodeCacheSize                    = 251658240                              {pd product} {ergonomic}
     bool SegmentedCodeCache                       = true                                      {product} {ergonomic}
   size_t SoftMaxHeapSize                          = 2147483648                             {manageable} {ergonomic}
     bool UseCompressedOops                        = true                           {product lp64_product} {ergonomic}
     bool UseG1GC                                  = true                                      {product} {ergonomic}
     bool UseLargePagesIndividualAllocation        = false                                  {pd product} {ergonomic}

Logging:
Log output configuration:
 #0: stdout all=warning uptime,level,tags foldmultilines=false
 #1: stderr all=off uptime,level,tags foldmultilines=false

Release file:
<release file has not been read>
Environment Variables:
JAVA_HOME=C:\Program Files\Java\jdk-26
PATH=C:\Program Files\Common Files\Oracle\Java\javapath;C:\Program Files\Eclipse Adoptium\jdk-17.0.16.8-hotspot\bin;C:\WINDOWS\system32;C:\WINDOWS;C:\WINDOWS\System32\Wbem;C:\WINDOWS\System32\WindowsPowerShell\v1.0\;C:\WINDOWS\System32\OpenSSH\;C:\Program Files\Git\cmd;C:\Program Files\nodejs\;C:\Program Files\GitHub CLI\;C:\Program Files\Docker\Docker\resources\bin;C:\Program Files\cursor\resources\app\bin;C:\Program Files\MySQL\MySQL Shell 8.0\bin\;C:\Users\User\AppData\Local\Programs\Python\Launcher\;C:\Users\User\AppData\Local\Microsoft\WindowsApps;C:\Users\User\AppData\Local\Programs\Microsoft VS Code\bin;C:\Users\User\AppData\Roaming\npm;C:\Users\User\AppData\Local\Programs\Antigravity\bin
USERNAME=User
OS=Windows_NT
PROCESSOR_IDENTIFIER=AMD64 Family 23 Model 96 Stepping 1, AuthenticAMD
TMP=C:\Users\User\AppData\Local\Temp
TEMP=C:\Users\User\AppData\Local\Temp




Compilation memory statistics disabled.

Periodic native trim disabled

JNI global refs:
JNI global refs: 0, weak refs: 0

JNI global refs memory usage: 0, weak refs: 0

Process memory usage:
Resident Set Size: 14468K (0% of 7780044K total physical memory with 668356K free physical memory)

OOME stack traces (most recent first):
Classloader memory used:

---------------  S Y S T E M  ---------------

OS:
 Windows 11 , 64 bit Build 26100 (10.0.26100.8328)
OS uptime: 0 days 0:57 hours
Hyper-V role detected

CPU: total 12 (initial active 12) (12 cores per cpu, 2 threads per core) family 23 model 96 stepping 1 microcode 0x8600106, cx8, cmov, fxsr, ht, mmx, 3dnowpref, sse, sse2, sse3, ssse3, sse4a, sse4.1, sse4.2, popcnt, lzcnt, tsc, tscinvbit, avx, avx2, aes, clmul, bmi1, bmi2, adx, sha, fma, vzeroupper, clflush, clflushopt, clwb, hv, rdtscp, rdpid, f16c
Processor Information for the first 12 processors :
  Max Mhz: 3001, Current Mhz: 3001, Mhz Limit: 3001

Memory: 4k page, system-wide physical 7597M (652M free)
TotalPageFile size 15597M (AvailPageFile size 26M)
current process WorkingSet (physical memory assigned to process): 14M, peak: 14M
current process commit charge ("private bytes"): 65M, peak: 192M

vm_info: OpenJDK 64-Bit Server VM (25.0.2+1-b329.72) for windows-amd64 JRE (25.0.2+1-b329.72), built on 2026-03-02 with MS VC++ 17.14 (VS2022)

END.
