23-May-2026 00:23:08.293 INFO [main] org.apache.catalina.startup.VersionLoggerListener.log Server version name:   Apache Tomcat/10.1.55
23-May-2026 00:23:08.300 INFO [main] org.apache.catalina.startup.VersionLoggerListener.log Server built:          May 5 2026 13:33:02 UTC
23-May-2026 00:23:08.300 INFO [main] org.apache.catalina.startup.VersionLoggerListener.log Server version number: 10.1.55.0
23-May-2026 00:23:08.301 INFO [main] org.apache.catalina.startup.VersionLoggerListener.log OS Name:               Windows 11
23-May-2026 00:23:08.301 INFO [main] org.apache.catalina.startup.VersionLoggerListener.log OS Version:            10.0
23-May-2026 00:23:08.301 INFO [main] org.apache.catalina.startup.VersionLoggerListener.log Architecture:          amd64
23-May-2026 00:23:08.302 INFO [main] org.apache.catalina.startup.VersionLoggerListener.log Java Home:             C:\Program Files\Java\jdk-26
23-May-2026 00:23:08.302 INFO [main] org.apache.catalina.startup.VersionLoggerListener.log JVM Version:           26+35-2893
23-May-2026 00:23:08.302 INFO [main] org.apache.catalina.startup.VersionLoggerListener.log JVM Vendor:            Oracle Corporation
23-May-2026 00:23:08.302 INFO [main] org.apache.catalina.startup.VersionLoggerListener.log CATALINA_BASE:         C:\Users\User\OneDrive\Desktop\JAVA PROJECT\apache-tomcat
23-May-2026 00:23:08.302 INFO [main] org.apache.catalina.startup.VersionLoggerListener.log CATALINA_HOME:         C:\Users\User\OneDrive\Desktop\JAVA PROJECT\apache-tomcat
23-May-2026 00:23:08.327 INFO [main] org.apache.catalina.startup.VersionLoggerListener.log Command line argument: -Djava.util.logging.config.file=c:\Users\User\OneDrive\Desktop\JAVA PROJECT\apache-tomcat\conf\logging.properties
23-May-2026 00:23:08.327 INFO [main] org.apache.catalina.startup.VersionLoggerListener.log Command line argument: -Djava.util.logging.manager=org.apache.juli.ClassLoaderLogManager
23-May-2026 00:23:08.328 INFO [main] org.apache.catalina.startup.VersionLoggerListener.log Command line argument: -Djdk.tls.ephemeralDHKeySize=2048
23-May-2026 00:23:08.328 INFO [main] org.apache.catalina.startup.VersionLoggerListener.log Command line argument: -Djava.protocol.handler.pkgs=org.apache.catalina.webresources
23-May-2026 00:23:08.328 INFO [main] org.apache.catalina.startup.VersionLoggerListener.log Command line argument: -Dsun.io.useCanonCaches=false
23-May-2026 00:23:08.328 INFO [main] org.apache.catalina.startup.VersionLoggerListener.log Command line argument: --add-opens=java.base/java.lang=ALL-UNNAMED
23-May-2026 00:23:08.328 INFO [main] org.apache.catalina.startup.VersionLoggerListener.log Command line argument: --add-opens=java.base/java.lang.reflect=ALL-UNNAMED
23-May-2026 00:23:08.328 INFO [main] org.apache.catalina.startup.VersionLoggerListener.log Command line argument: --add-opens=java.base/java.io=ALL-UNNAMED
23-May-2026 00:23:08.328 INFO [main] org.apache.catalina.startup.VersionLoggerListener.log Command line argument: --add-opens=java.base/java.util=ALL-UNNAMED
23-May-2026 00:23:08.329 INFO [main] org.apache.catalina.startup.VersionLoggerListener.log Command line argument: --add-opens=java.base/java.util.concurrent=ALL-UNNAMED
23-May-2026 00:23:08.329 INFO [main] org.apache.catalina.startup.VersionLoggerListener.log Command line argument: --add-opens=java.rmi/sun.rmi.transport=ALL-UNNAMED
23-May-2026 00:23:08.329 INFO [main] org.apache.catalina.startup.VersionLoggerListener.log Command line argument: -Dcatalina.base=c:\Users\User\OneDrive\Desktop\JAVA PROJECT\apache-tomcat
23-May-2026 00:23:08.329 INFO [main] org.apache.catalina.startup.VersionLoggerListener.log Command line argument: -Dcatalina.home=c:\Users\User\OneDrive\Desktop\JAVA PROJECT\apache-tomcat
23-May-2026 00:23:08.329 INFO [main] org.apache.catalina.startup.VersionLoggerListener.log Command line argument: -Djava.io.tmpdir=c:\Users\User\OneDrive\Desktop\JAVA PROJECT\apache-tomcat\temp
23-May-2026 00:23:08.342 INFO [main] org.apache.catalina.core.AprLifecycleListener.lifecycleEvent Loaded Apache Tomcat Native library [2.0.14] using APR version [1.7.6].
23-May-2026 00:23:08.385 INFO [main] org.apache.catalina.core.AprLifecycleListener.initializeSSL OpenSSL successfully initialized [OpenSSL 3.5.5 27 Jan 2026]
23-May-2026 00:23:08.963 INFO [main] org.apache.coyote.AbstractProtocol.init Initializing ProtocolHandler ["http-nio-8080"]
23-May-2026 00:23:09.007 INFO [main] org.apache.catalina.startup.Catalina.load Server initialization in [1248] milliseconds
23-May-2026 00:23:09.117 INFO [main] org.apache.catalina.core.StandardService.startInternal Starting service [Catalina]
23-May-2026 00:23:09.117 INFO [main] org.apache.catalina.core.StandardEngine.startInternal Starting Servlet engine: [Apache Tomcat/10.1.55]
23-May-2026 00:23:09.157 INFO [main] org.apache.catalina.startup.HostConfig.deployDirectory Deploying web application directory [C:\Users\User\OneDrive\Desktop\JAVA PROJECT\apache-tomcat\webapps\CourseRegistrationSystem]
23-May-2026 00:23:11.137 INFO [main] org.apache.jasper.servlet.TldScanner.scanJars At least one JAR was scanned for TLDs yet contained no TLDs. Enable debug logging for this logger for a complete list of JARs that were scanned but no TLDs were found in them. Skipping unneeded JARs during scanning can improve startup time and JSP compilation time.
23-May-2026 00:23:11.280 INFO [main] org.apache.catalina.startup.HostConfig.deployDirectory Deployment of web application directory [C:\Users\User\OneDrive\Desktop\JAVA PROJECT\apache-tomcat\webapps\CourseRegistrationSystem] has finished in [2,116] ms
23-May-2026 00:23:11.282 INFO [main] org.apache.catalina.startup.HostConfig.deployDirectory Deploying web application directory [C:\Users\User\OneDrive\Desktop\JAVA PROJECT\apache-tomcat\webapps\docs]
23-May-2026 00:23:11.372 INFO [main] org.apache.catalina.startup.HostConfig.deployDirectory Deployment of web application directory [C:\Users\User\OneDrive\Desktop\JAVA PROJECT\apache-tomcat\webapps\docs] has finished in [91] ms
23-May-2026 00:23:11.373 INFO [main] org.apache.catalina.startup.HostConfig.deployDirectory Deploying web application directory [C:\Users\User\OneDrive\Desktop\JAVA PROJECT\apache-tomcat\webapps\examples]
23-May-2026 00:23:12.568 INFO [main] org.apache.catalina.startup.HostConfig.deployDirectory Deployment of web application directory [C:\Users\User\OneDrive\Desktop\JAVA PROJECT\apache-tomcat\webapps\examples] has finished in [1,195] ms
23-May-2026 00:23:12.569 INFO [main] org.apache.catalina.startup.HostConfig.deployDirectory Deploying web application directory [C:\Users\User\OneDrive\Desktop\JAVA PROJECT\apache-tomcat\webapps\host-manager]
23-May-2026 00:23:12.686 INFO [main] org.apache.catalina.startup.HostConfig.deployDirectory Deployment of web application directory [C:\Users\User\OneDrive\Desktop\JAVA PROJECT\apache-tomcat\webapps\host-manager] has finished in [117] ms
23-May-2026 00:23:12.687 INFO [main] org.apache.catalina.startup.HostConfig.deployDirectory Deploying web application directory [C:\Users\User\OneDrive\Desktop\JAVA PROJECT\apache-tomcat\webapps\manager]
23-May-2026 00:23:12.787 INFO [main] org.apache.catalina.startup.HostConfig.deployDirectory Deployment of web application directory [C:\Users\User\OneDrive\Desktop\JAVA PROJECT\apache-tomcat\webapps\manager] has finished in [100] ms
23-May-2026 00:23:12.788 INFO [main] org.apache.catalina.startup.HostConfig.deployDirectory Deploying web application directory [C:\Users\User\OneDrive\Desktop\JAVA PROJECT\apache-tomcat\webapps\ROOT]
23-May-2026 00:23:12.880 INFO [main] org.apache.catalina.startup.HostConfig.deployDirectory Deployment of web application directory [C:\Users\User\OneDrive\Desktop\JAVA PROJECT\apache-tomcat\webapps\ROOT] has finished in [92] ms
23-May-2026 00:23:12.907 INFO [main] org.apache.coyote.AbstractProtocol.start Starting ProtocolHandler ["http-nio-8080"]
23-May-2026 00:23:13.009 INFO [main] org.apache.catalina.startup.Catalina.start Server startup in [3998] milliseconds
